2020-04-28 17:57:20,255 ERROR [Worker-7: Decoration Calculation] - Statistics - Statistics file `/Users/nithshu/.scalaide/statistics` is corrupted. A new one is being created. Corrupted content was:

com.cedarsoftware.util.io.JsonIoException: error parsing JSON value
	at com.cedarsoftware.util.io.JsonReader.readObject(JsonReader.java:529)
	at com.cedarsoftware.util.io.JsonReader.jsonToJava(JsonReader.java:289)
	at com.cedarsoftware.util.io.JsonReader.jsonToJava(JsonReader.java:262)
	at org.scalaide.core.internal.statistics.Statistics.read(Statistics.scala:74)
	at org.scalaide.core.internal.statistics.Statistics.$anonfun$readStats$1(Statistics.scala:52)
	at org.scalaide.core.internal.statistics.Statistics.$anonfun$readStats$1$adapted(Statistics.scala:51)
	at org.scalaide.core.ScalaIdeDataStore$.$anonfun$validate$2(ScalaIdeDataStore.scala:59)
	at org.scalaide.util.eclipse.EclipseUtils$$anon$3.run(EclipseUtils.scala:230)
	at org.eclipse.core.runtime.SafeRunner.run(SafeRunner.java:45)
	at org.scalaide.util.eclipse.EclipseUtils$.withSafeRunner(EclipseUtils.scala:226)
	at org.scalaide.core.ScalaIdeDataStore$.validate(ScalaIdeDataStore.scala:59)
	at org.scalaide.core.internal.statistics.Statistics.readStats(Statistics.scala:51)
	at org.scalaide.core.internal.statistics.Statistics.<init>(Statistics.scala:30)
	at org.scalaide.core.internal.ScalaPlugin.stats$lzycompute(ScalaPlugin.scala:135)
	at org.scalaide.core.internal.ScalaPlugin.stats(ScalaPlugin.scala:135)
	at org.scalaide.core.internal.ScalaPlugin.statistics(ScalaPlugin.scala:138)
	at org.scalaide.core.internal.ScalaPlugin.start(ScalaPlugin.scala:109)
	at org.eclipse.osgi.internal.framework.BundleContextImpl$3.run(BundleContextImpl.java:842)
	at org.eclipse.osgi.internal.framework.BundleContextImpl$3.run(BundleContextImpl.java:1)
	at java.security.AccessController.doPrivileged(Native Method)
	at org.eclipse.osgi.internal.framework.BundleContextImpl.startActivator(BundleContextImpl.java:834)
	at org.eclipse.osgi.internal.framework.BundleContextImpl.start(BundleContextImpl.java:791)
	at org.eclipse.osgi.internal.framework.EquinoxBundle.startWorker0(EquinoxBundle.java:1015)
	at org.eclipse.osgi.internal.framework.EquinoxBundle$EquinoxModule.startWorker(EquinoxBundle.java:365)
	at org.eclipse.osgi.container.Module.doStart(Module.java:603)
	at org.eclipse.osgi.container.Module.start(Module.java:467)
	at org.eclipse.osgi.framework.util.SecureAction.start(SecureAction.java:493)
	at org.eclipse.osgi.internal.hooks.EclipseLazyStarter.postFindLocalClass(EclipseLazyStarter.java:117)
	at org.eclipse.osgi.internal.loader.classpath.ClasspathManager.findLocalClass(ClasspathManager.java:571)
	at org.eclipse.osgi.internal.loader.ModuleClassLoader.findLocalClass(ModuleClassLoader.java:346)
	at org.eclipse.osgi.internal.loader.BundleLoader.findLocalClass(BundleLoader.java:398)
	at org.eclipse.osgi.internal.loader.BundleLoader.findClassInternal(BundleLoader.java:476)
	at org.eclipse.osgi.internal.loader.BundleLoader.findClass(BundleLoader.java:425)
	at org.eclipse.osgi.internal.loader.BundleLoader.findClass(BundleLoader.java:417)
	at org.eclipse.osgi.internal.loader.ModuleClassLoader.loadClass(ModuleClassLoader.java:171)
	at java.lang.ClassLoader.loadClass(ClassLoader.java:351)
	at org.eclipse.osgi.internal.framework.EquinoxBundle.loadClass(EquinoxBundle.java:620)
	at org.eclipse.core.internal.registry.osgi.RegistryStrategyOSGI.createExecutableExtension(RegistryStrategyOSGI.java:196)
	at org.eclipse.core.internal.registry.ExtensionRegistry.createExecutableExtension(ExtensionRegistry.java:929)
	at org.eclipse.core.internal.registry.ConfigurationElement.createExecutableExtension(ConfigurationElement.java:246)
	at org.eclipse.core.internal.registry.ConfigurationElementHandle.createExecutableExtension(ConfigurationElementHandle.java:63)
	at org.eclipse.ui.internal.WorkbenchPlugin.lambda$0(WorkbenchPlugin.java:286)
	at org.eclipse.swt.custom.BusyIndicator.showWhile(BusyIndicator.java:55)
	at org.eclipse.ui.internal.WorkbenchPlugin.createExtension(WorkbenchPlugin.java:284)
	at org.eclipse.ui.internal.decorators.LightweightDecoratorDefinition$1.run(LightweightDecoratorDefinition.java:123)
	at org.eclipse.core.runtime.SafeRunner.run(SafeRunner.java:45)
	at org.eclipse.ui.internal.decorators.LightweightDecoratorDefinition.internalGetDecorator(LightweightDecoratorDefinition.java:119)
	at org.eclipse.ui.internal.decorators.LightweightDecoratorDefinition.decorate(LightweightDecoratorDefinition.java:237)
	at org.eclipse.ui.internal.decorators.LightweightDecoratorManager$LightweightRunnable.run(LightweightDecoratorManager.java:105)
	at org.eclipse.core.runtime.SafeRunner.run(SafeRunner.java:45)
	at org.eclipse.ui.internal.decorators.LightweightDecoratorManager.decorate(LightweightDecoratorManager.java:360)
	at org.eclipse.ui.internal.decorators.LightweightDecoratorManager.getDecorations(LightweightDecoratorManager.java:346)
	at org.eclipse.ui.internal.decorators.DecorationScheduler$1.ensureResultCached(DecorationScheduler.java:386)
	at org.eclipse.ui.internal.decorators.DecorationScheduler$1.run(DecorationScheduler.java:362)
	at org.eclipse.core.internal.jobs.Worker.run(Worker.java:63)
Caused by: com.cedarsoftware.util.io.JsonIoException: EOF reached prematurely
	at com.cedarsoftware.util.io.JsonParser.error(JsonParser.java:584)
	at com.cedarsoftware.util.io.JsonParser.readValue(JsonParser.java:278)
	at com.cedarsoftware.util.io.JsonReader.readObject(JsonReader.java:521)
	... 54 more
2020-04-29 15:44:58,591 ERROR [Worker-1: Decoration Calculation] - Statistics - Statistics file `/Users/nithshu/.scalaide/statistics` is corrupted. A new one is being created. Corrupted content was:

com.cedarsoftware.util.io.JsonIoException: error parsing JSON value
	at com.cedarsoftware.util.io.JsonReader.readObject(JsonReader.java:529)
	at com.cedarsoftware.util.io.JsonReader.jsonToJava(JsonReader.java:289)
	at com.cedarsoftware.util.io.JsonReader.jsonToJava(JsonReader.java:262)
	at org.scalaide.core.internal.statistics.Statistics.read(Statistics.scala:74)
	at org.scalaide.core.internal.statistics.Statistics.$anonfun$readStats$1(Statistics.scala:52)
	at org.scalaide.core.internal.statistics.Statistics.$anonfun$readStats$1$adapted(Statistics.scala:51)
	at org.scalaide.core.ScalaIdeDataStore$.$anonfun$validate$2(ScalaIdeDataStore.scala:59)
	at org.scalaide.util.eclipse.EclipseUtils$$anon$3.run(EclipseUtils.scala:230)
	at org.eclipse.core.runtime.SafeRunner.run(SafeRunner.java:45)
	at org.scalaide.util.eclipse.EclipseUtils$.withSafeRunner(EclipseUtils.scala:226)
	at org.scalaide.core.ScalaIdeDataStore$.validate(ScalaIdeDataStore.scala:59)
	at org.scalaide.core.internal.statistics.Statistics.readStats(Statistics.scala:51)
	at org.scalaide.core.internal.statistics.Statistics.<init>(Statistics.scala:30)
	at org.scalaide.core.internal.ScalaPlugin.stats$lzycompute(ScalaPlugin.scala:135)
	at org.scalaide.core.internal.ScalaPlugin.stats(ScalaPlugin.scala:135)
	at org.scalaide.core.internal.ScalaPlugin.statistics(ScalaPlugin.scala:138)
	at org.scalaide.core.internal.ScalaPlugin.start(ScalaPlugin.scala:109)
	at org.eclipse.osgi.internal.framework.BundleContextImpl$3.run(BundleContextImpl.java:842)
	at org.eclipse.osgi.internal.framework.BundleContextImpl$3.run(BundleContextImpl.java:1)
	at java.security.AccessController.doPrivileged(Native Method)
	at org.eclipse.osgi.internal.framework.BundleContextImpl.startActivator(BundleContextImpl.java:834)
	at org.eclipse.osgi.internal.framework.BundleContextImpl.start(BundleContextImpl.java:791)
	at org.eclipse.osgi.internal.framework.EquinoxBundle.startWorker0(EquinoxBundle.java:1015)
	at org.eclipse.osgi.internal.framework.EquinoxBundle$EquinoxModule.startWorker(EquinoxBundle.java:365)
	at org.eclipse.osgi.container.Module.doStart(Module.java:603)
	at org.eclipse.osgi.container.Module.start(Module.java:467)
	at org.eclipse.osgi.framework.util.SecureAction.start(SecureAction.java:493)
	at org.eclipse.osgi.internal.hooks.EclipseLazyStarter.postFindLocalClass(EclipseLazyStarter.java:117)
	at org.eclipse.osgi.internal.loader.classpath.ClasspathManager.findLocalClass(ClasspathManager.java:571)
	at org.eclipse.osgi.internal.loader.ModuleClassLoader.findLocalClass(ModuleClassLoader.java:346)
	at org.eclipse.osgi.internal.loader.BundleLoader.findLocalClass(BundleLoader.java:398)
	at org.eclipse.osgi.internal.loader.BundleLoader.findClassInternal(BundleLoader.java:476)
	at org.eclipse.osgi.internal.loader.BundleLoader.findClass(BundleLoader.java:425)
	at org.eclipse.osgi.internal.loader.BundleLoader.findClass(BundleLoader.java:417)
	at org.eclipse.osgi.internal.loader.ModuleClassLoader.loadClass(ModuleClassLoader.java:171)
	at java.lang.ClassLoader.loadClass(ClassLoader.java:351)
	at org.eclipse.osgi.internal.framework.EquinoxBundle.loadClass(EquinoxBundle.java:620)
	at org.eclipse.core.internal.registry.osgi.RegistryStrategyOSGI.createExecutableExtension(RegistryStrategyOSGI.java:196)
	at org.eclipse.core.internal.registry.ExtensionRegistry.createExecutableExtension(ExtensionRegistry.java:929)
	at org.eclipse.core.internal.registry.ConfigurationElement.createExecutableExtension(ConfigurationElement.java:246)
	at org.eclipse.core.internal.registry.ConfigurationElementHandle.createExecutableExtension(ConfigurationElementHandle.java:63)
	at org.eclipse.ui.internal.WorkbenchPlugin.lambda$0(WorkbenchPlugin.java:286)
	at org.eclipse.swt.custom.BusyIndicator.showWhile(BusyIndicator.java:55)
	at org.eclipse.ui.internal.WorkbenchPlugin.createExtension(WorkbenchPlugin.java:284)
	at org.eclipse.ui.internal.decorators.LightweightDecoratorDefinition$1.run(LightweightDecoratorDefinition.java:123)
	at org.eclipse.core.runtime.SafeRunner.run(SafeRunner.java:45)
	at org.eclipse.ui.internal.decorators.LightweightDecoratorDefinition.internalGetDecorator(LightweightDecoratorDefinition.java:119)
	at org.eclipse.ui.internal.decorators.LightweightDecoratorDefinition.decorate(LightweightDecoratorDefinition.java:237)
	at org.eclipse.ui.internal.decorators.LightweightDecoratorManager$LightweightRunnable.run(LightweightDecoratorManager.java:105)
	at org.eclipse.core.runtime.SafeRunner.run(SafeRunner.java:45)
	at org.eclipse.ui.internal.decorators.LightweightDecoratorManager.decorate(LightweightDecoratorManager.java:360)
	at org.eclipse.ui.internal.decorators.LightweightDecoratorManager.getDecorations(LightweightDecoratorManager.java:346)
	at org.eclipse.ui.internal.decorators.DecorationScheduler$1.ensureResultCached(DecorationScheduler.java:386)
	at org.eclipse.ui.internal.decorators.DecorationScheduler$1.run(DecorationScheduler.java:362)
	at org.eclipse.core.internal.jobs.Worker.run(Worker.java:63)
Caused by: com.cedarsoftware.util.io.JsonIoException: EOF reached prematurely
	at com.cedarsoftware.util.io.JsonParser.error(JsonParser.java:584)
	at com.cedarsoftware.util.io.JsonParser.readValue(JsonParser.java:278)
	at com.cedarsoftware.util.io.JsonReader.readObject(JsonReader.java:521)
	... 54 more
